<?xml version="1.0" encoding="UTF-8"?>
<!-- Generated by org.testng.reporters.JUnitReportReporter -->
<testsuite hostname="LAPTOP-LFU0PBV8" failures="0" tests="1" name="com.test.CRUDWithTekarchApi.DeleteUserDataAPI" time="2.214" errors="0" timestamp="2022-06-09T15:15:57 EDT" skipped="0">
  <testcase classname="com.test.CRUDWithTekarchApi.DeleteUserDataAPI" name="deleteUserDataTest" time="2.214"/>
  <system-out/>
</testsuite> <!-- com.test.CRUDWithTekarchApi.DeleteUserDataAPI -->
