<?xml version="1.0" encoding="UTF-8"?>
<!-- Generated by org.testng.reporters.JUnitReportReporter -->
<testsuite hostname="LAPTOP-LFU0PBV8" failures="0" tests="1" name="com.test.CRUDWithTekarchApi.CreateUserDataAPI" time="2.356" errors="0" timestamp="2022-06-09T15:13:29 EDT" skipped="0">
  <testcase classname="com.test.CRUDWithTekarchApi.CreateUserDataAPI" name="createUserDataTest" time="2.356"/>
  <system-out/>
</testsuite> <!-- com.test.CRUDWithTekarchApi.CreateUserDataAPI -->
