<?xml version="1.0" encoding="UTF-8"?>
<!-- Generated by org.testng.reporters.JUnitReportReporter -->
<testsuite hostname="LAPTOP-LFU0PBV8" failures="0" tests="1" name="com.test.CRUDWithTekarchApi.UpdateUserDataAPI" time="4.804" errors="0" timestamp="2022-06-09T15:15:00 EDT" skipped="0">
  <testcase classname="com.test.CRUDWithTekarchApi.UpdateUserDataAPI" name="updateUserDataTest" time="4.804"/>
  <system-out/>
</testsuite> <!-- com.test.CRUDWithTekarchApi.UpdateUserDataAPI -->
