<?xml version="1.0" encoding="UTF-8"?>
<!-- Generated by org.testng.reporters.JUnitReportReporter -->
<testsuite hostname="LAPTOP-LFU0PBV8" failures="0" tests="1" name="com.test.CRUDWithTekarchApi.ReadUserDataAPI" time="10.735" errors="0" timestamp="2022-06-09T15:12:17 EDT" skipped="0">
  <testcase classname="com.test.CRUDWithTekarchApi.ReadUserDataAPI" name="readUserDataTest" time="10.735"/>
  <system-out/>
</testsuite> <!-- com.test.CRUDWithTekarchApi.ReadUserDataAPI -->
