<?xml version="1.0" encoding="UTF-8"?>
<!-- Generated by org.testng.reporters.JUnitReportReporter -->
<testsuite hostname="LAPTOP-LFU0PBV8" failures="0" tests="5" name="com.test.tests.ApiTestScriptEndToEnd" time="35.387" errors="0" timestamp="2022-06-11T15:31:19 EDT" skipped="0">
  <testcase classname="com.test.tests.ApiTestScriptEndToEnd" name="validLogin" time="1.989"/>
  <system-out/>
  <testcase classname="com.test.tests.ApiTestScriptEndToEnd" name="readUserDataTestE2E" time="7.874"/>
  <system-out/>
  <testcase classname="com.test.tests.ApiTestScriptEndToEnd" name="createUserDataTestE2E" time="8.289"/>
  <system-out/>
  <testcase classname="com.test.tests.ApiTestScriptEndToEnd" name="updateUserDataTestE2E" time="9.193"/>
  <system-out/>
  <testcase classname="com.test.tests.ApiTestScriptEndToEnd" name="deleteUserDataTestE2E" time="8.042"/>
  <system-out/>
</testsuite> <!-- com.test.tests.ApiTestScriptEndToEnd -->
