<?xml version="1.0" encoding="UTF-8"?>
<!-- Generated by org.testng.reporters.JUnitReportReporter -->
<testsuite hostname="LAPTOP-LFU0PBV8" failures="0" tests="1" name="com.test.CRUDWithTekarchApi.LoginToAPI" time="2.262" errors="0" timestamp="2022-06-09T17:58:06 EDT" skipped="0">
  <testcase classname="com.test.CRUDWithTekarchApi.LoginToAPI" name="loginToApiTest" time="2.262"/>
  <system-out/>
</testsuite> <!-- com.test.CRUDWithTekarchApi.LoginToAPI -->
